# JRE version: OpenJDK Runtime Environment (8.0_161-b14) (build 1.8.0_161-b14)
# Java VM: OpenJDK 64-Bit Server VM (25.161-b14 mixed mode linux-amd64 compressed oops)
Heap:
 def new generation   total 25152K, used 22481K [0x00000000f0800000, 0x00000000f2340000, 0x00000000f5aa0000)
  eden space 22400K, 100% used [0x00000000f0800000, 0x00000000f1de0000, 0x00000000f1de0000)
  from space 2752K,   2% used [0x00000000f2090000, 0x00000000f20a4668, 0x00000000f2340000)
  to   space 2752K,  11% used [0x00000000f1de0000, 0x00000000f1e305a8, 0x00000000f2090000)
 tenured generation   total 55780K, used 52998K [0x00000000f5aa0000, 0x00000000f9119000, 0x0000000100000000)
   the space 55780K,  95% used [0x00000000f5aa0000, 0x00000000f8e61918, 0x00000000f8e61a00, 0x00000000f9119000)
 Metaspace       used 26490K, capacity 27064K, committed 27392K, reserved 1073152K
  class space    used 3010K, capacity 3253K, committed 3328K, reserved 1048576K
GC Heap History (10 events):
Event: 7.295 GC heap after
Heap after GC invocations=41 (full 2):
 def new generation   total 10624K, used 0K [0x00000000f0800000, 0x00000000f1380000, 0x00000000f5aa0000)
  eden space 9472K,   0% used [0x00000000f0800000, 0x00000000f0800000, 0x00000000f1140000)
  from space 1152K,   0% used [0x00000000f1140000, 0x00000000f1140000, 0x00000000f1260000)
  to   space 1152K,   0% used [0x00000000f1260000, 0x00000000f1260000, 0x00000000f1380000)
 tenured generation   total 23516K, used 14109K [0x00000000f5aa0000, 0x00000000f7197000, 0x0000000100000000)
   the space 23516K,  59% used [0x00000000f5aa0000, 0x00000000f68674d8, 0x00000000f6867600, 0x00000000f7197000)
 Metaspace       used 24595K, capacity 25154K, committed 25344K, reserved 1071104K
  class space    used 2776K, capacity 3026K, committed 3072K, reserved 1048576K
}
Event: 7.615 GC heap before
{Heap before GC invocations=41 (full 2):
 def new generation   total 10624K, used 8622K [0x00000000f0800000, 0x00000000f1380000, 0x00000000f5aa0000)
  eden space 9472K,  91% used [0x00000000f0800000, 0x00000000f106b8f0, 0x00000000f1140000)
  from space 1152K,   0% used [0x00000000f1140000, 0x00000000f1140000, 0x00000000f1260000)
  to   space 1152K,   0% used [0x00000000f1260000, 0x00000000f1260000, 0x00000000f1380000)
 tenured generation   total 23516K, used 14109K [0x00000000f5aa0000, 0x00000000f7197000, 0x0000000100000000)
   the space 23516K,  59% used [0x00000000f5aa0000, 0x00000000f68674d8, 0x00000000f6867600, 0x00000000f7197000)
 Metaspace       used 26207K, capacity 26726K, committed 27008K, reserved 1073152K
  class space    used 2976K, capacity 3186K, committed 3200K, reserved 1048576K
Event: 7.662 GC heap after
Heap after GC invocations=42 (full 3):
 def new generation   total 11264K, used 0K [0x00000000f0800000, 0x00000000f1430000, 0x00000000f5aa0000)
  eden space 10048K,   0% used [0x00000000f0800000, 0x00000000f0800000, 0x00000000f11d0000)
  from space 1216K,   0% used [0x00000000f11d0000, 0x00000000f11d0000, 0x00000000f1300000)
  to   space 1216K,   0% used [0x00000000f1300000, 0x00000000f1300000, 0x00000000f1430000)
 tenured generation   total 24932K, used 14958K [0x00000000f5aa0000, 0x00000000f72f9000, 0x0000000100000000)
   the space 24932K,  59% used [0x00000000f5aa0000, 0x00000000f693bb80, 0x00000000f693bc00, 0x00000000f72f9000)
 Metaspace       used 26207K, capacity 26726K, committed 27008K, reserved 1073152K
  class space    used 2976K, capacity 3186K, committed 3200K, reserved 1048576K
}
Event: 7.665 GC heap before
{Heap before GC invocations=42 (full 3):
 def new generation   total 11264K, used 9964K [0x00000000f0800000, 0x00000000f1430000, 0x00000000f5aa0000)
  eden space 10048K,  99% used [0x00000000f0800000, 0x00000000f11bb1d0, 0x00000000f11d0000)
  from space 1216K,   0% used [0x00000000f11d0000, 0x00000000f11d0000, 0x00000000f1300000)
  to   space 1216K,   0% used [0x00000000f1300000, 0x00000000f1300000, 0x00000000f1430000)
 tenured generation   total 24932K, used 14958K [0x00000000f5aa0000, 0x00000000f72f9000, 0x0000000100000000)
   the space 24932K,  59% used [0x00000000f5aa0000, 0x00000000f693bb80, 0x00000000f693bc00, 0x00000000f72f9000)
 Metaspace       used 26214K, capacity 26726K, committed 27008K, reserved 1073152K
  class space    used 2977K, capacity 3186K, committed 3200K, reserved 1048576K
Event: 7.670 GC heap after
Heap after GC invocations=43 (full 3):
 def new generation   total 11264K, used 16K [0x00000000f0800000, 0x00000000f1430000, 0x00000000f5aa0000)
  eden space 10048K,   0% used [0x00000000f0800000, 0x00000000f0800000, 0x00000000f11d0000)
  from space 1216K,   1% used [0x00000000f1300000, 0x00000000f13043b8, 0x00000000f1430000)
  to   space 1216K,   0% used [0x00000000f11d0000, 0x00000000f11d0000, 0x00000000f1300000)
 tenured generation   total 24932K, used 24724K [0x00000000f5aa0000, 0x00000000f72f9000, 0x0000000100000000)
   the space 24932K,  99% used [0x00000000f5aa0000, 0x00000000f72c5210, 0x00000000f72c5400, 0x00000000f72f9000)
 Metaspace       used 26214K, capacity 26726K, committed 27008K, reserved 1073152K
  class space    used 2977K, capacity 3186K, committed 3200K, reserved 1048576K
}
Event: 7.671 GC heap before
{Heap before GC invocations=43 (full 3):
 def new generation   total 11264K, used 9981K [0x00000000f0800000, 0x00000000f1430000, 0x00000000f5aa0000)
  eden space 10048K,  99% used [0x00000000f0800000, 0x00000000f11bb170, 0x00000000f11d0000)
  from space 1216K,   1% used [0x00000000f1300000, 0x00000000f13043b8, 0x00000000f1430000)
  to   space 1216K,   0% used [0x00000000f11d0000, 0x00000000f11d0000, 0x00000000f1300000)
 tenured generation   total 24932K, used 24724K [0x00000000f5aa0000, 0x00000000f72f9000, 0x0000000100000000)
   the space 24932K,  99% used [0x00000000f5aa0000, 0x00000000f72c5210, 0x00000000f72c5400, 0x00000000f72f9000)
 Metaspace       used 26214K, capacity 26726K, committed 27008K, reserved 1073152K
  class space    used 2977K, capacity 3186K, committed 3200K, reserved 1048576K
Event: 7.750 GC heap after
Heap after GC invocations=44 (full 4):
 def new generation   total 25152K, used 0K [0x00000000f0800000, 0x00000000f2340000, 0x00000000f5aa0000)
  eden space 22400K,   0% used [0x00000000f0800000, 0x00000000f0800000, 0x00000000f1de0000)
  from space 2752K,   0% used [0x00000000f1de0000, 0x00000000f1de0000, 0x00000000f2090000)
  to   space 2752K,   0% used [0x00000000f2090000, 0x00000000f2090000, 0x00000000f2340000)
 tenured generation   total 55780K, used 33466K [0x00000000f5aa0000, 0x00000000f9119000, 0x0000000100000000)
   the space 55780K,  59% used [0x00000000f5aa0000, 0x00000000f7b4ebf8, 0x00000000f7b4ec00, 0x00000000f9119000)
 Metaspace       used 26214K, capacity 26726K, committed 27008K, reserved 1073152K
  class space    used 2977K, capacity 3186K, committed 3200K, reserved 1048576K
}
Event: 7.796 GC heap before
{Heap before GC invocations=44 (full 4):
 def new generation   total 25152K, used 20416K [0x00000000f0800000, 0x00000000f2340000, 0x00000000f5aa0000)
  eden space 22400K,  91% used [0x00000000f0800000, 0x00000000f1bf02b8, 0x00000000f1de0000)
  from space 2752K,   0% used [0x00000000f1de0000, 0x00000000f1de0000, 0x00000000f2090000)
  to   space 2752K,   0% used [0x00000000f2090000, 0x00000000f2090000, 0x00000000f2340000)
 tenured generation   total 55780K, used 33466K [0x00000000f5aa0000, 0x00000000f9119000, 0x0000000100000000)
   the space 55780K,  59% used [0x00000000f5aa0000, 0x00000000f7b4ebf8, 0x00000000f7b4ec00, 0x00000000f9119000)
 Metaspace       used 26305K, capacity 26854K, committed 27136K, reserved 1073152K
  class space    used 2990K, capacity 3250K, committed 3328K, reserved 1048576K
Event: 22.537 GC heap after
Heap after GC invocations=45 (full 4):
 def new generation   total 25152K, used 81K [0x00000000f0800000, 0x00000000f2340000, 0x00000000f5aa0000)
  eden space 22400K,   0% used [0x00000000f0800000, 0x00000000f0800000, 0x00000000f1de0000)
  from space 2752K,   2% used [0x00000000f2090000, 0x00000000f20a4668, 0x00000000f2340000)
  to   space 2752K,   0% used [0x00000000f1de0000, 0x00000000f1de0000, 0x00000000f2090000)
 tenured generation   total 55780K, used 52998K [0x00000000f5aa0000, 0x00000000f9119000, 0x0000000100000000)
   the space 55780K,  95% used [0x00000000f5aa0000, 0x00000000f8e61918, 0x00000000f8e61a00, 0x00000000f9119000)
 Metaspace       used 26305K, capacity 26854K, committed 27136K, reserved 1073152K
  class space    used 2990K, capacity 3250K, committed 3328K, reserved 1048576K
}
Event: 187.809 GC heap before
{Heap before GC invocations=45 (full 4):
 def new generation   total 25152K, used 22481K [0x00000000f0800000, 0x00000000f2340000, 0x00000000f5aa0000)
  eden space 22400K, 100% used [0x00000000f0800000, 0x00000000f1de0000, 0x00000000f1de0000)
  from space 2752K,   2% used [0x00000000f2090000, 0x00000000f20a4668, 0x00000000f2340000)
  to   space 2752K,   0% used [0x00000000f1de0000, 0x00000000f1de0000, 0x00000000f2090000)
 tenured generation   total 55780K, used 52998K [0x00000000f5aa0000, 0x00000000f9119000, 0x0000000100000000)
   the space 55780K,  95% used [0x00000000f5aa0000, 0x00000000f8e61918, 0x00000000f8e61a00, 0x00000000f9119000)
 Metaspace       used 26490K, capacity 27064K, committed 27392K, reserved 1073152K
  class space    used 3010K, capacity 3253K, committed 3328K, reserved 1048576K

